2017-09-14 14:19:22,101 INFO o.a.j.u.JMeterUtils: Setting Locale to zh_CN
2017-09-14 14:19:22,724 INFO o.a.j.JMeter: Loading system properties from: system.properties
2017-09-14 14:19:22,738 INFO o.a.j.JMeter: Copyright (c) 1998-2017 The Apache Software Foundation
2017-09-14 14:19:22,738 INFO o.a.j.JMeter: Version 3.2 r1790748
2017-09-14 14:19:22,739 INFO o.a.j.JMeter: java.version=1.8.0_121
2017-09-14 14:19:22,739 INFO o.a.j.JMeter: java.vm.name=Java HotSpot(TM) 64-Bit Server VM
2017-09-14 14:19:22,739 INFO o.a.j.JMeter: os.name=Windows 7
2017-09-14 14:19:22,739 INFO o.a.j.JMeter: os.arch=amd64
2017-09-14 14:19:22,740 INFO o.a.j.JMeter: os.version=6.1
2017-09-14 14:19:22,740 INFO o.a.j.JMeter: file.encoding=GBK
2017-09-14 14:19:22,740 INFO o.a.j.JMeter: Max memory     =514850816
2017-09-14 14:19:22,740 INFO o.a.j.JMeter: Available Processors =8
2017-09-14 14:19:22,754 INFO o.a.j.JMeter: Default Locale=中文 (中国)
2017-09-14 14:19:22,755 INFO o.a.j.JMeter: JMeter  Locale=中文 (中国)
2017-09-14 14:19:22,755 INFO o.a.j.JMeter: JMeterHome=D:\anting\workspace\jmeter-maven-eclipse\target\jmeter
2017-09-14 14:19:22,755 INFO o.a.j.JMeter: user.dir  =D:\anting\workspace\jmeter-maven-eclipse\target\jmeter\bin
2017-09-14 14:19:22,755 INFO o.a.j.JMeter: PWD       =D:\anting\workspace\jmeter-maven-eclipse\target\jmeter\bin
2017-09-14 14:19:22,757 INFO o.a.j.JMeter: IP: 192.168.193.1 Name: SC-201608231228 FullName: SC-201608231228
2017-09-14 14:19:22,762 INFO o.a.j.s.FileServer: Default base='D:\anting\workspace\jmeter-maven-eclipse\target\jmeter\bin'
2017-09-14 14:19:22,762 INFO o.a.j.s.FileServer: Set new base='D:\anting\workspace\jmeter-maven-eclipse\target\jmeter\testFiles\tmp'
2017-09-14 14:19:22,903 INFO o.a.j.s.SaveService: Testplan (JMX) version: 2.2. Testlog (JTL) version: 2.2
2017-09-14 14:19:22,922 INFO o.a.j.s.SaveService: Using SaveService properties file encoding UTF-8
2017-09-14 14:19:22,928 INFO o.a.j.s.SaveService: Using SaveService properties version 3.2
2017-09-14 14:19:22,936 INFO o.a.j.s.SaveService: Loading file: D:\anting\workspace\jmeter-maven-eclipse\target\jmeter\testFiles\tmp\cptp_1505366808531.jmx
2017-09-14 14:19:22,993 INFO o.a.j.p.h.c.CookieManager: Settings: Delete null: true Check: true Allow variable: true Save: false Prefix: COOKIE_
2017-09-14 14:19:22,996 INFO o.a.j.p.h.c.CacheManager: Will only cache the following methods: [GET]
2017-09-14 14:19:23,010 INFO o.a.j.p.h.s.HTTPSamplerBase: Parser for text/html is org.apache.jmeter.protocol.http.parser.LagartoBasedHtmlParser
2017-09-14 14:19:23,010 INFO o.a.j.p.h.s.HTTPSamplerBase: Parser for application/xhtml+xml is org.apache.jmeter.protocol.http.parser.LagartoBasedHtmlParser
2017-09-14 14:19:23,011 INFO o.a.j.p.h.s.HTTPSamplerBase: Parser for application/xml is org.apache.jmeter.protocol.http.parser.LagartoBasedHtmlParser
2017-09-14 14:19:23,011 INFO o.a.j.p.h.s.HTTPSamplerBase: Parser for text/xml is org.apache.jmeter.protocol.http.parser.LagartoBasedHtmlParser
2017-09-14 14:19:23,011 INFO o.a.j.p.h.s.HTTPSamplerBase: Parser for text/vnd.wap.wml is org.apache.jmeter.protocol.http.parser.RegexpHTMLParser
2017-09-14 14:19:23,011 INFO o.a.j.p.h.s.HTTPSamplerBase: Parser for text/css is org.apache.jmeter.protocol.http.parser.CssParser
2017-09-14 14:19:23,040 INFO o.a.j.JMeter: Creating summariser <summary>
2017-09-14 14:19:23,053 INFO o.a.j.e.StandardJMeterEngine: Running the test!
2017-09-14 14:19:23,053 INFO o.a.j.s.SampleEvent: List of sample_variables: []
2017-09-14 14:19:23,053 INFO o.a.j.s.SampleEvent: List of sample_variables: []
2017-09-14 14:19:23,058 INFO o.a.j.e.u.CompoundVariable: Note: Function class names must contain the string: '.functions.'
2017-09-14 14:19:23,058 INFO o.a.j.e.u.CompoundVariable: Note: Function class names must not contain the string: '.gui.'
2017-09-14 14:19:23,696 INFO o.a.j.JMeter: 正在运行的测试 (1505369963696)
2017-09-14 14:19:23,779 INFO o.a.j.e.StandardJMeterEngine: Starting ThreadGroup: 1 : 线程组
2017-09-14 14:19:23,779 INFO o.a.j.e.StandardJMeterEngine: Starting 1 threads for group 线程组.
2017-09-14 14:19:23,780 INFO o.a.j.e.StandardJMeterEngine: Thread will continue on error
2017-09-14 14:19:23,780 INFO o.a.j.t.ThreadGroup: Starting thread group... number=1 threads=1 ramp-up=1 perThread=1000.0 delayedStart=false
2017-09-14 14:19:23,787 INFO o.a.j.t.ThreadGroup: Started thread group number 1
2017-09-14 14:19:23,787 INFO o.a.j.e.StandardJMeterEngine: All thread groups have been started
2017-09-14 14:19:23,791 INFO o.a.j.s.SampleResult: Note: Sample TimeStamps are START times
2017-09-14 14:19:23,792 INFO o.a.j.s.SampleResult: sampleresult.default.encoding is set to ISO-8859-1
2017-09-14 14:19:23,795 INFO o.a.j.s.SampleResult: sampleresult.useNanoTime=true
2017-09-14 14:19:23,795 INFO o.a.j.s.SampleResult: sampleresult.nanoThreadSleep=5000
2017-09-14 14:19:23,797 INFO o.a.j.t.JMeterThread: Thread started: 线程组 1-1
2017-09-14 14:19:23,847 INFO o.a.j.p.h.s.HTTPHCAbstractImpl: Local host = SC-201608231228
2017-09-14 14:19:23,853 INFO o.a.j.p.h.s.HTTPHC4Impl: HTTP request retry count = 0
2017-09-14 14:19:23,956 INFO o.a.j.p.h.s.LazySchemeSocketFactory: Setting up HTTPS TrustAll Socket Factory
2017-09-14 14:19:23,967 INFO o.a.j.u.JsseSSLManager: Using default SSL protocol: TLS
2017-09-14 14:19:23,967 INFO o.a.j.u.JsseSSLManager: SSL session context: per-thread
2017-09-14 14:19:27,498 INFO o.a.j.u.SSLManager: JmeterKeyStore Location:  type JKS
2017-09-14 14:19:27,500 INFO o.a.j.u.SSLManager: KeyStore created OK
2017-09-14 14:19:27,500 WARN o.a.j.u.SSLManager: Keystore file not found, loading empty keystore
2017-09-14 14:19:28,935 INFO o.a.j.p.h.p.BaseParser: Created org.apache.jmeter.protocol.http.parser.LagartoBasedHtmlParser
2017-09-14 14:19:29,821 INFO o.a.j.p.h.p.BaseParser: Created org.apache.jmeter.protocol.http.parser.CssParser
2017-09-14 14:19:30,327 INFO o.a.j.t.JMeterThread: Thread is done: 线程组 1-1
2017-09-14 14:19:30,328 INFO o.a.j.t.JMeterThread: Thread finished: 线程组 1-1
2017-09-14 14:19:30,329 INFO o.a.j.e.StandardJMeterEngine: Notifying test listeners of end of test
2017-09-14 14:19:30,330 INFO o.a.j.r.Summariser: summary =      0 in 00:00:00 = ******/s Avg:     0 Min: 9223372036854775807 Max: -9223372036854775808 Err:     0 (0.00%)
